<?xml version="1.0" encoding="UTF-8"?>
<testsuite xmlns:xsi="http://www.w3.org/2001/XMLSchema-instance" xsi:noNamespaceSchemaLocation="https://maven.apache.org/surefire/maven-surefire-plugin/xsd/surefire-test-report-3.0.xsd" version="3.0" name="uz.mh.messenger.MessengerApplicationTests" time="5.111" tests="1" errors="0" skipped="0" failures="0">
  <properties>
[...]
</properties>
  <testcase name="contextLoads" classname="uz.mh.messenger.MessengerApplicationTests" time="0.406">
    <system-out><![CDATA[Standard Commons Logging discovery in action with spring-jcl: please remove commons-logging.jar from classpath in order to avoid potential conflicts
16:50:21.637 [main] INFO org.springframework.test.context.support.AnnotationConfigContextLoaderUtils -- Could not detect default configuration classes for test class [uz.mh.messenger.MessengerApplicationTests]: MessengerApplicationTests does not declare any static, non-private, non-final, nested classes annotated with @Configuration.
16:50:21.728 [main] INFO org.springframework.boot.test.context.SpringBootTestContextBootstrapper -- Found @SpringBootConfiguration uz.mh.messenger.MessengerApplication for test class uz.mh.messenger.MessengerApplicationTests

  .   ____          _            __ _ _
 /\\ / ___'_ __ _ _(_)_ __  __ _ \ \ \ \
( ( )\___ | '_ | '_| | '_ \/ _` | \ \ \ \
 \\/  ___)| |_)| | | | | || (_| |  ) ) ) )
  '  |____| .__|_| |_|_| |_\__, | / / / /
 =========|_|==============|___/=/_/_/_/
 :: Spring Boot ::               (v3.1.10)

2024-04-17T16:50:22.150+05:00  INFO 259560 --- [           main] u.m.messenger.MessengerApplicationTests  : Starting MessengerApplicationTests using Java 19.0.2 with PID 259560 (started by mukhammad in /home/mukhammad/Desktop/projects/messenger)
2024-04-17T16:50:22.151+05:00  INFO 259560 --- [           main] u.m.messenger.MessengerApplicationTests  : No active profile set, falling back to 1 default profile: "default"
2024-04-17T16:50:23.080+05:00  INFO 259560 --- [           main] .s.d.r.c.RepositoryConfigurationDelegate : Bootstrapping Spring Data JPA repositories in DEFAULT mode.
2024-04-17T16:50:23.118+05:00  INFO 259560 --- [           main] .s.d.r.c.RepositoryConfigurationDelegate : Finished Spring Data repository scanning in 33 ms. Found 1 JPA repository interface.
2024-04-17T16:50:23.473+05:00  INFO 259560 --- [           main] o.hibernate.jpa.internal.util.LogHelper  : HHH000204: Processing PersistenceUnitInfo [name: default]
2024-04-17T16:50:23.512+05:00  INFO 259560 --- [           main] org.hibernate.Version                    : HHH000412: Hibernate ORM core version 6.2.22.Final
2024-04-17T16:50:23.514+05:00  INFO 259560 --- [           main] org.hibernate.cfg.Environment            : HHH000406: Using bytecode reflection optimizer
2024-04-17T16:50:23.693+05:00  INFO 259560 --- [           main] o.s.o.j.p.SpringPersistenceUnitInfo      : No LoadTimeWeaver setup: ignoring JPA class transformer
2024-04-17T16:50:23.715+05:00  INFO 259560 --- [           main] com.zaxxer.hikari.HikariDataSource       : HikariPool-1 - Starting...
2024-04-17T16:50:24.064+05:00  INFO 259560 --- [           main] com.zaxxer.hikari.pool.HikariPool        : HikariPool-1 - Added connection org.postgresql.jdbc.PgConnection@16ea0f22
2024-04-17T16:50:24.065+05:00  INFO 259560 --- [           main] com.zaxxer.hikari.HikariDataSource       : HikariPool-1 - Start completed.
2024-04-17T16:50:24.751+05:00  INFO 259560 --- [           main] o.h.e.t.j.p.i.JtaPlatformInitiator       : HHH000489: No JTA platform available (set 'hibernate.transaction.jta.platform' to enable JTA platform integration)
2024-04-17T16:50:24.783+05:00  INFO 259560 --- [           main] j.LocalContainerEntityManagerFactoryBean : Initialized JPA EntityManagerFactory for persistence unit 'default'
2024-04-17T16:50:24.984+05:00  INFO 259560 --- [           main] o.s.d.j.r.query.QueryEnhancerFactory     : Hibernate is in classpath; If applicable, HQL parser will be used.
2024-04-17T16:50:25.796+05:00  WARN 259560 --- [           main] JpaBaseConfiguration$JpaWebConfiguration : spring.jpa.open-in-view is enabled by default. Therefore, database queries may be performed during view rendering. Explicitly configure spring.jpa.open-in-view to disable this warning
2024-04-17T16:50:26.166+05:00  INFO 259560 --- [           main] u.m.messenger.MessengerApplicationTests  : Started MessengerApplicationTests in 4.34 seconds (process running for 5.154)
]]></system-out>
  </testcase>
</testsuite>